"Start of log file."
"C:/Users/Merchel/DOCUME~1/Mesh/Assets/Cube.max"
"Starting max loading and fbx conversion"
"Settings units"
"Before fbx export"
"After fbx export"
"Finished max loading and fbx conversion"
"C:/Users/Merchel/DOCUME~1/Mesh/Assets/CUBE1~1.MAX"
"Starting max loading and fbx conversion"
"Settings units"
"Before fbx export"
"After fbx export"
"Finished max loading and fbx conversion"
"C:/Users/Merchel/DOCUME~1/Mesh/Assets/Cube.max"
"Starting max loading and fbx conversion"
"Settings units"
"Before fbx export"
"After fbx export"
"Finished max loading and fbx conversion"
"C:/Users/Merchel/DOCUME~1/Mesh/Assets/IMPORT~1.MAX"
"Starting max loading and fbx conversion"
"Settings units"
"Before fbx export"
"After fbx export"
"Finished max loading and fbx conversion"
